2026-03-24T00:14:01.307+01:00  WARN 2388 --- [eimt_lab] [HikariPool-1 housekeeper] com.zaxxer.hikari.pool.HikariPool        : HikariPool-1 - Thread starvation or clock leap detected (housekeeper delta=2h41m44s17ms107µs600ns).
2026-03-24T00:28:10.129+01:00  INFO 2388 --- [eimt_lab] [SpringApplicationShutdownHook] com.zaxxer.hikari.HikariDataSource       : HikariPool-1 - Shutdown initiated...
2026-03-24T00:28:10.133+01:00  INFO 2388 --- [eimt_lab] [SpringApplicationShutdownHook] com.zaxxer.hikari.HikariDataSource       : HikariPool-1 - Shutdown completed.
2026-03-24T00:28:34.674+01:00  INFO 28512 --- [eimt_lab] [main] m.u.f.wp.eimt_lab.EimtLabApplication     : Starting EimtLabApplication using Java 23 with PID 28512 (C:\desktop\eimt_lab\target\classes started by HP in C:\desktop\eimt_lab)
2026-03-24T00:28:34.677+01:00  INFO 28512 --- [eimt_lab] [main] m.u.f.wp.eimt_lab.EimtLabApplication     : The following 1 profile is active: "dev"
2026-03-24T00:28:36.342+01:00  INFO 28512 --- [eimt_lab] [main] o.apache.catalina.core.StandardService   : Starting service [Tomcat]
2026-03-24T00:28:36.343+01:00  INFO 28512 --- [eimt_lab] [main] o.apache.catalina.core.StandardEngine    : Starting Servlet engine: [Apache Tomcat/10.1.36]
2026-03-24T00:28:36.391+01:00  INFO 28512 --- [eimt_lab] [main] o.a.c.c.C.[Tomcat].[localhost].[/]       : Initializing Spring embedded WebApplicationContext
2026-03-24T00:28:36.590+01:00  INFO 28512 --- [eimt_lab] [main] com.zaxxer.hikari.HikariDataSource       : HikariPool-1 - Starting...
2026-03-24T00:28:36.735+01:00  INFO 28512 --- [eimt_lab] [main] com.zaxxer.hikari.pool.HikariPool        : HikariPool-1 - Added connection org.postgresql.jdbc.PgConnection@63cf578f
2026-03-24T00:28:36.736+01:00  INFO 28512 --- [eimt_lab] [main] com.zaxxer.hikari.HikariDataSource       : HikariPool-1 - Start completed.
2026-03-24T00:28:36.761+01:00  INFO 28512 --- [eimt_lab] [main] org.flywaydb.core.FlywayExecutor         : Database: jdbc:postgresql://localhost:5433/eimt_lab (PostgreSQL 17.4)
2026-03-24T00:28:36.828+01:00  INFO 28512 --- [eimt_lab] [main] o.f.core.internal.command.DbValidate     : Successfully validated 4 migrations (execution time 00:00.041s)
2026-03-24T00:28:36.872+01:00  INFO 28512 --- [eimt_lab] [main] o.f.core.internal.command.DbMigrate      : Current version of schema "public": 4
2026-03-24T00:28:36.877+01:00  INFO 28512 --- [eimt_lab] [main] o.f.core.internal.command.DbMigrate      : Schema "public" is up to date. No migration necessary.
2026-03-24T00:28:36.972+01:00  INFO 28512 --- [eimt_lab] [main] o.hibernate.jpa.internal.util.LogHelper  : HHH000204: Processing PersistenceUnitInfo [name: default]
2026-03-24T00:28:37.048+01:00  INFO 28512 --- [eimt_lab] [main] org.hibernate.Version                    : HHH000412: Hibernate ORM core version 6.6.8.Final
2026-03-24T00:28:37.101+01:00  INFO 28512 --- [eimt_lab] [main] o.h.c.internal.RegionFactoryInitiator    : HHH000026: Second-level cache disabled
2026-03-24T00:28:37.487+01:00  INFO 28512 --- [eimt_lab] [main] org.hibernate.orm.connections.pooling    : HHH10001005: Database info:
	Database JDBC URL [Connecting through datasource 'HikariDataSource (HikariPool-1)']
	Database driver: undefined/unknown
	Database version: 17.4
	Autocommit mode: undefined/unknown
	Isolation level: undefined/unknown
	Minimum pool size: undefined/unknown
	Maximum pool size: undefined/unknown
2026-03-24T00:28:38.405+01:00  INFO 28512 --- [eimt_lab] [main] o.h.e.t.j.p.i.JtaPlatformInitiator       : HHH000489: No JTA platform available (set 'hibernate.transaction.jta.platform' to enable JTA platform integration)
2026-03-24T00:28:38.446+01:00 ERROR 28512 --- [eimt_lab] [main] j.LocalContainerEntityManagerFactoryBean : Failed to initialize JPA EntityManagerFactory: [PersistenceUnit: default] Unable to build Hibernate SessionFactory; nested exception is org.hibernate.tool.schema.spi.SchemaManagementException: Schema-validation: missing table [activity_log]
2026-03-24T00:28:38.446+01:00  WARN 28512 --- [eimt_lab] [main] ConfigServletWebServerApplicationContext : Exception encountered during context initialization - cancelling refresh attempt: org.springframework.beans.factory.BeanCreationException: Error creating bean with name 'entityManagerFactory' defined in class path resource [org/springframework/boot/autoconfigure/orm/jpa/HibernateJpaConfiguration.class]: [PersistenceUnit: default] Unable to build Hibernate SessionFactory; nested exception is org.hibernate.tool.schema.spi.SchemaManagementException: Schema-validation: missing table [activity_log]
2026-03-24T00:28:38.446+01:00  INFO 28512 --- [eimt_lab] [main] com.zaxxer.hikari.HikariDataSource       : HikariPool-1 - Shutdown initiated...
2026-03-24T00:28:38.456+01:00  INFO 28512 --- [eimt_lab] [main] com.zaxxer.hikari.HikariDataSource       : HikariPool-1 - Shutdown completed.
2026-03-24T00:28:38.458+01:00  INFO 28512 --- [eimt_lab] [main] o.apache.catalina.core.StandardService   : Stopping service [Tomcat]
2026-03-24T00:28:38.485+01:00 ERROR 28512 --- [eimt_lab] [main] o.s.boot.SpringApplication               : Application run failed

org.springframework.beans.factory.BeanCreationException: Error creating bean with name 'entityManagerFactory' defined in class path resource [org/springframework/boot/autoconfigure/orm/jpa/HibernateJpaConfiguration.class]: [PersistenceUnit: default] Unable to build Hibernate SessionFactory; nested exception is org.hibernate.tool.schema.spi.SchemaManagementException: Schema-validation: missing table [activity_log]
	at org.springframework.beans.factory.support.AbstractAutowireCapableBeanFactory.initializeBean(AbstractAutowireCapableBeanFactory.java:1812) ~[spring-beans-6.2.3.jar:6.2.3]
	at org.springframework.beans.factory.support.AbstractAutowireCapableBeanFactory.doCreateBean(AbstractAutowireCapableBeanFactory.java:601) ~[spring-beans-6.2.3.jar:6.2.3]
	at org.springframework.beans.factory.support.AbstractAutowireCapableBeanFactory.createBean(AbstractAutowireCapableBeanFactory.java:523) ~[spring-beans-6.2.3.jar:6.2.3]
	at org.springframework.beans.factory.support.AbstractBeanFactory.lambda$doGetBean$0(AbstractBeanFactory.java:339) ~[spring-beans-6.2.3.jar:6.2.3]
	at org.springframework.beans.factory.support.DefaultSingletonBeanRegistry.getSingleton(DefaultSingletonBeanRegistry.java:346) ~[spring-beans-6.2.3.jar:6.2.3]
	at org.springframework.beans.factory.support.AbstractBeanFactory.doGetBean(AbstractBeanFactory.java:337) ~[spring-beans-6.2.3.jar:6.2.3]
	at org.springframework.beans.factory.support.AbstractBeanFactory.getBean(AbstractBeanFactory.java:207) ~[spring-beans-6.2.3.jar:6.2.3]
	at org.springframework.context.support.AbstractApplicationContext.finishBeanFactoryInitialization(AbstractApplicationContext.java:970) ~[spring-context-6.2.3.jar:6.2.3]
	at org.springframework.context.support.AbstractApplicationContext.refresh(AbstractApplicationContext.java:627) ~[spring-context-6.2.3.jar:6.2.3]
	at org.springframework.boot.web.servlet.context.ServletWebServerApplicationContext.refresh(ServletWebServerApplicationContext.java:146) ~[spring-boot-3.4.3.jar:3.4.3]
	at org.springframework.boot.SpringApplication.refresh(SpringApplication.java:752) ~[spring-boot-3.4.3.jar:3.4.3]
	at org.springframework.boot.SpringApplication.refreshContext(SpringApplication.java:439) ~[spring-boot-3.4.3.jar:3.4.3]
	at org.springframework.boot.SpringApplication.run(SpringApplication.java:318) ~[spring-boot-3.4.3.jar:3.4.3]
	at org.springframework.boot.SpringApplication.run(SpringApplication.java:1361) ~[spring-boot-3.4.3.jar:3.4.3]
	at org.springframework.boot.SpringApplication.run(SpringApplication.java:1350) ~[spring-boot-3.4.3.jar:3.4.3]
	at mk.ukim.finki.wp.eimt_lab.EimtLabApplication.main(EimtLabApplication.java:14) ~[classes/:na]
Caused by: jakarta.persistence.PersistenceException: [PersistenceUnit: default] Unable to build Hibernate SessionFactory; nested exception is org.hibernate.tool.schema.spi.SchemaManagementException: Schema-validation: missing table [activity_log]
	at org.springframework.orm.jpa.AbstractEntityManagerFactoryBean.buildNativeEntityManagerFactory(AbstractEntityManagerFactoryBean.java:431) ~[spring-orm-6.2.3.jar:6.2.3]
	at org.springframework.orm.jpa.AbstractEntityManagerFactoryBean.afterPropertiesSet(AbstractEntityManagerFactoryBean.java:400) ~[spring-orm-6.2.3.jar:6.2.3]
	at org.springframework.orm.jpa.LocalContainerEntityManagerFactoryBean.afterPropertiesSet(LocalContainerEntityManagerFactoryBean.java:366) ~[spring-orm-6.2.3.jar:6.2.3]
	at org.springframework.beans.factory.support.AbstractAutowireCapableBeanFactory.invokeInitMethods(AbstractAutowireCapableBeanFactory.java:1859) ~[spring-beans-6.2.3.jar:6.2.3]
	at org.springframework.beans.factory.support.AbstractAutowireCapableBeanFactory.initializeBean(AbstractAutowireCapableBeanFactory.java:1808) ~[spring-beans-6.2.3.jar:6.2.3]
	... 15 common frames omitted
Caused by: org.hibernate.tool.schema.spi.SchemaManagementException: Schema-validation: missing table [activity_log]
	at org.hibernate.tool.schema.internal.AbstractSchemaValidator.validateTable(AbstractSchemaValidator.java:136) ~[hibernate-core-6.6.8.Final.jar:6.6.8.Final]
	at org.hibernate.tool.schema.internal.GroupedSchemaValidatorImpl.validateTables(GroupedSchemaValidatorImpl.java:46) ~[hibernate-core-6.6.8.Final.jar:6.6.8.Final]
	at org.hibernate.tool.schema.internal.AbstractSchemaValidator.performValidation(AbstractSchemaValidator.java:99) ~[hibernate-core-6.6.8.Final.jar:6.6.8.Final]
	at org.hibernate.tool.schema.internal.AbstractSchemaValidator.doValidation(AbstractSchemaValidator.java:77) ~[hibernate-core-6.6.8.Final.jar:6.6.8.Final]
	at org.hibernate.tool.schema.spi.SchemaManagementToolCoordinator.performDatabaseAction(SchemaManagementToolCoordinator.java:289) ~[hibernate-core-6.6.8.Final.jar:6.6.8.Final]
	at org.hibernate.tool.schema.spi.SchemaManagementToolCoordinator.lambda$process$5(SchemaManagementToolCoordinator.java:144) ~[hibernate-core-6.6.8.Final.jar:6.6.8.Final]
	at java.base/java.util.HashMap.forEach(HashMap.java:1430) ~[na:na]
	at org.hibernate.tool.schema.spi.SchemaManagementToolCoordinator.process(SchemaManagementToolCoordinator.java:141) ~[hibernate-core-6.6.8.Final.jar:6.6.8.Final]
	at org.hibernate.boot.internal.SessionFactoryObserverForSchemaExport.sessionFactoryCreated(SessionFactoryObserverForSchemaExport.java:37) ~[hibernate-core-6.6.8.Final.jar:6.6.8.Final]
	at org.hibernate.internal.SessionFactoryObserverChain.sessionFactoryCreated(SessionFactoryObserverChain.java:35) ~[hibernate-core-6.6.8.Final.jar:6.6.8.Final]
	at org.hibernate.internal.SessionFactoryImpl.<init>(SessionFactoryImpl.java:324) ~[hibernate-core-6.6.8.Final.jar:6.6.8.Final]
	at org.hibernate.boot.internal.SessionFactoryBuilderImpl.build(SessionFactoryBuilderImpl.java:463) ~[hibernate-core-6.6.8.Final.jar:6.6.8.Final]
	at org.hibernate.jpa.boot.internal.EntityManagerFactoryBuilderImpl.build(EntityManagerFactoryBuilderImpl.java:1517) ~[hibernate-core-6.6.8.Final.jar:6.6.8.Final]
	at org.springframework.orm.jpa.vendor.SpringHibernateJpaPersistenceProvider.createContainerEntityManagerFactory(SpringHibernateJpaPersistenceProvider.java:66) ~[spring-orm-6.2.3.jar:6.2.3]
	at org.springframework.orm.jpa.LocalContainerEntityManagerFactoryBean.createNativeEntityManagerFactory(LocalContainerEntityManagerFactoryBean.java:390) ~[spring-orm-6.2.3.jar:6.2.3]
	at org.springframework.orm.jpa.AbstractEntityManagerFactoryBean.buildNativeEntityManagerFactory(AbstractEntityManagerFactoryBean.java:419) ~[spring-orm-6.2.3.jar:6.2.3]
	... 19 common frames omitted

2026-03-24T00:29:15.036+01:00  INFO 23576 --- [eimt_lab] [main] m.u.f.wp.eimt_lab.EimtLabApplication     : Starting EimtLabApplication using Java 23 with PID 23576 (C:\desktop\eimt_lab\target\classes started by HP in C:\desktop\eimt_lab)
2026-03-24T00:29:15.038+01:00  INFO 23576 --- [eimt_lab] [main] m.u.f.wp.eimt_lab.EimtLabApplication     : The following 1 profile is active: "dev"
2026-03-24T00:29:16.147+01:00  INFO 23576 --- [eimt_lab] [main] o.apache.catalina.core.StandardService   : Starting service [Tomcat]
2026-03-24T00:29:16.147+01:00  INFO 23576 --- [eimt_lab] [main] o.apache.catalina.core.StandardEngine    : Starting Servlet engine: [Apache Tomcat/10.1.36]
2026-03-24T00:29:16.198+01:00  INFO 23576 --- [eimt_lab] [main] o.a.c.c.C.[Tomcat].[localhost].[/]       : Initializing Spring embedded WebApplicationContext
2026-03-24T00:29:16.368+01:00  INFO 23576 --- [eimt_lab] [main] com.zaxxer.hikari.HikariDataSource       : HikariPool-1 - Starting...
2026-03-24T00:29:16.472+01:00  INFO 23576 --- [eimt_lab] [main] com.zaxxer.hikari.pool.HikariPool        : HikariPool-1 - Added connection org.postgresql.jdbc.PgConnection@1de7f898
2026-03-24T00:29:16.473+01:00  INFO 23576 --- [eimt_lab] [main] com.zaxxer.hikari.HikariDataSource       : HikariPool-1 - Start completed.
2026-03-24T00:29:16.495+01:00  INFO 23576 --- [eimt_lab] [main] org.flywaydb.core.FlywayExecutor         : Database: jdbc:postgresql://localhost:5433/eimt_lab (PostgreSQL 17.4)
2026-03-24T00:29:16.529+01:00  INFO 23576 --- [eimt_lab] [main] o.f.c.i.s.JdbcTableSchemaHistory         : Schema history table "public"."flyway_schema_history" does not exist yet
2026-03-24T00:29:16.532+01:00  INFO 23576 --- [eimt_lab] [main] o.f.core.internal.command.DbValidate     : Successfully validated 4 migrations (execution time 00:00.015s)
2026-03-24T00:29:16.549+01:00  INFO 23576 --- [eimt_lab] [main] o.f.c.i.s.JdbcTableSchemaHistory         : Creating Schema History table "public"."flyway_schema_history" ...
2026-03-24T00:29:16.627+01:00  INFO 23576 --- [eimt_lab] [main] o.f.core.internal.command.DbMigrate      : Current version of schema "public": << Empty Schema >>
2026-03-24T00:29:16.641+01:00  INFO 23576 --- [eimt_lab] [main] o.f.core.internal.command.DbMigrate      : Migrating schema "public" to version "1 - create books and authors"
2026-03-24T00:29:16.680+01:00  INFO 23576 --- [eimt_lab] [main] o.f.core.internal.command.DbMigrate      : Migrating schema "public" to version "2 - insert data into books and authors and countries tables"
2026-03-24T00:29:16.713+01:00  INFO 23576 --- [eimt_lab] [main] o.f.core.internal.command.DbMigrate      : Migrating schema "public" to version "3 - add available copies"
2026-03-24T00:29:16.740+01:00  INFO 23576 --- [eimt_lab] [main] o.f.core.internal.command.DbMigrate      : Migrating schema "public" to version "4 - create book details view"
2026-03-24T00:29:16.765+01:00  INFO 23576 --- [eimt_lab] [main] o.f.core.internal.command.DbMigrate      : Successfully applied 4 migrations to schema "public", now at version v4 (execution time 00:00.035s)
2026-03-24T00:29:16.832+01:00  INFO 23576 --- [eimt_lab] [main] o.hibernate.jpa.internal.util.LogHelper  : HHH000204: Processing PersistenceUnitInfo [name: default]
2026-03-24T00:29:16.877+01:00  INFO 23576 --- [eimt_lab] [main] org.hibernate.Version                    : HHH000412: Hibernate ORM core version 6.6.8.Final
2026-03-24T00:29:16.902+01:00  INFO 23576 --- [eimt_lab] [main] o.h.c.internal.RegionFactoryInitiator    : HHH000026: Second-level cache disabled
2026-03-24T00:29:17.136+01:00  INFO 23576 --- [eimt_lab] [main] org.hibernate.orm.connections.pooling    : HHH10001005: Database info:
	Database JDBC URL [Connecting through datasource 'HikariDataSource (HikariPool-1)']
	Database driver: undefined/unknown
	Database version: 17.4
	Autocommit mode: undefined/unknown
	Isolation level: undefined/unknown
	Minimum pool size: undefined/unknown
	Maximum pool size: undefined/unknown
2026-03-24T00:29:17.817+01:00  INFO 23576 --- [eimt_lab] [main] o.h.e.t.j.p.i.JtaPlatformInitiator       : HHH000489: No JTA platform available (set 'hibernate.transaction.jta.platform' to enable JTA platform integration)
2026-03-24T00:29:17.846+01:00 ERROR 23576 --- [eimt_lab] [main] j.LocalContainerEntityManagerFactoryBean : Failed to initialize JPA EntityManagerFactory: [PersistenceUnit: default] Unable to build Hibernate SessionFactory; nested exception is org.hibernate.tool.schema.spi.SchemaManagementException: Schema-validation: missing table [activity_log]
2026-03-24T00:29:17.847+01:00  WARN 23576 --- [eimt_lab] [main] ConfigServletWebServerApplicationContext : Exception encountered during context initialization - cancelling refresh attempt: org.springframework.beans.factory.BeanCreationException: Error creating bean with name 'entityManagerFactory' defined in class path resource [org/springframework/boot/autoconfigure/orm/jpa/HibernateJpaConfiguration.class]: [PersistenceUnit: default] Unable to build Hibernate SessionFactory; nested exception is org.hibernate.tool.schema.spi.SchemaManagementException: Schema-validation: missing table [activity_log]
2026-03-24T00:29:17.847+01:00  INFO 23576 --- [eimt_lab] [main] com.zaxxer.hikari.HikariDataSource       : HikariPool-1 - Shutdown initiated...
2026-03-24T00:29:17.851+01:00  INFO 23576 --- [eimt_lab] [main] com.zaxxer.hikari.HikariDataSource       : HikariPool-1 - Shutdown completed.
2026-03-24T00:29:17.855+01:00  INFO 23576 --- [eimt_lab] [main] o.apache.catalina.core.StandardService   : Stopping service [Tomcat]
2026-03-24T00:29:17.874+01:00 ERROR 23576 --- [eimt_lab] [main] o.s.boot.SpringApplication               : Application run failed

org.springframework.beans.factory.BeanCreationException: Error creating bean with name 'entityManagerFactory' defined in class path resource [org/springframework/boot/autoconfigure/orm/jpa/HibernateJpaConfiguration.class]: [PersistenceUnit: default] Unable to build Hibernate SessionFactory; nested exception is org.hibernate.tool.schema.spi.SchemaManagementException: Schema-validation: missing table [activity_log]
	at org.springframework.beans.factory.support.AbstractAutowireCapableBeanFactory.initializeBean(AbstractAutowireCapableBeanFactory.java:1812) ~[spring-beans-6.2.3.jar:6.2.3]
	at org.springframework.beans.factory.support.AbstractAutowireCapableBeanFactory.doCreateBean(AbstractAutowireCapableBeanFactory.java:601) ~[spring-beans-6.2.3.jar:6.2.3]
	at org.springframework.beans.factory.support.AbstractAutowireCapableBeanFactory.createBean(AbstractAutowireCapableBeanFactory.java:523) ~[spring-beans-6.2.3.jar:6.2.3]
	at org.springframework.beans.factory.support.AbstractBeanFactory.lambda$doGetBean$0(AbstractBeanFactory.java:339) ~[spring-beans-6.2.3.jar:6.2.3]
	at org.springframework.beans.factory.support.DefaultSingletonBeanRegistry.getSingleton(DefaultSingletonBeanRegistry.java:346) ~[spring-beans-6.2.3.jar:6.2.3]
	at org.springframework.beans.factory.support.AbstractBeanFactory.doGetBean(AbstractBeanFactory.java:337) ~[spring-beans-6.2.3.jar:6.2.3]
	at org.springframework.beans.factory.support.AbstractBeanFactory.getBean(AbstractBeanFactory.java:207) ~[spring-beans-6.2.3.jar:6.2.3]
	at org.springframework.context.support.AbstractApplicationContext.finishBeanFactoryInitialization(AbstractApplicationContext.java:970) ~[spring-context-6.2.3.jar:6.2.3]
	at org.springframework.context.support.AbstractApplicationContext.refresh(AbstractApplicationContext.java:627) ~[spring-context-6.2.3.jar:6.2.3]
	at org.springframework.boot.web.servlet.context.ServletWebServerApplicationContext.refresh(ServletWebServerApplicationContext.java:146) ~[spring-boot-3.4.3.jar:3.4.3]
	at org.springframework.boot.SpringApplication.refresh(SpringApplication.java:752) ~[spring-boot-3.4.3.jar:3.4.3]
	at org.springframework.boot.SpringApplication.refreshContext(SpringApplication.java:439) ~[spring-boot-3.4.3.jar:3.4.3]
	at org.springframework.boot.SpringApplication.run(SpringApplication.java:318) ~[spring-boot-3.4.3.jar:3.4.3]
	at org.springframework.boot.SpringApplication.run(SpringApplication.java:1361) ~[spring-boot-3.4.3.jar:3.4.3]
	at org.springframework.boot.SpringApplication.run(SpringApplication.java:1350) ~[spring-boot-3.4.3.jar:3.4.3]
	at mk.ukim.finki.wp.eimt_lab.EimtLabApplication.main(EimtLabApplication.java:14) ~[classes/:na]
Caused by: jakarta.persistence.PersistenceException: [PersistenceUnit: default] Unable to build Hibernate SessionFactory; nested exception is org.hibernate.tool.schema.spi.SchemaManagementException: Schema-validation: missing table [activity_log]
	at org.springframework.orm.jpa.AbstractEntityManagerFactoryBean.buildNativeEntityManagerFactory(AbstractEntityManagerFactoryBean.java:431) ~[spring-orm-6.2.3.jar:6.2.3]
	at org.springframework.orm.jpa.AbstractEntityManagerFactoryBean.afterPropertiesSet(AbstractEntityManagerFactoryBean.java:400) ~[spring-orm-6.2.3.jar:6.2.3]
	at org.springframework.orm.jpa.LocalContainerEntityManagerFactoryBean.afterPropertiesSet(LocalContainerEntityManagerFactoryBean.java:366) ~[spring-orm-6.2.3.jar:6.2.3]
	at org.springframework.beans.factory.support.AbstractAutowireCapableBeanFactory.invokeInitMethods(AbstractAutowireCapableBeanFactory.java:1859) ~[spring-beans-6.2.3.jar:6.2.3]
	at org.springframework.beans.factory.support.AbstractAutowireCapableBeanFactory.initializeBean(AbstractAutowireCapableBeanFactory.java:1808) ~[spring-beans-6.2.3.jar:6.2.3]
	... 15 common frames omitted
Caused by: org.hibernate.tool.schema.spi.SchemaManagementException: Schema-validation: missing table [activity_log]
	at org.hibernate.tool.schema.internal.AbstractSchemaValidator.validateTable(AbstractSchemaValidator.java:136) ~[hibernate-core-6.6.8.Final.jar:6.6.8.Final]
	at org.hibernate.tool.schema.internal.GroupedSchemaValidatorImpl.validateTables(GroupedSchemaValidatorImpl.java:46) ~[hibernate-core-6.6.8.Final.jar:6.6.8.Final]
	at org.hibernate.tool.schema.internal.AbstractSchemaValidator.performValidation(AbstractSchemaValidator.java:99) ~[hibernate-core-6.6.8.Final.jar:6.6.8.Final]
	at org.hibernate.tool.schema.internal.AbstractSchemaValidator.doValidation(AbstractSchemaValidator.java:77) ~[hibernate-core-6.6.8.Final.jar:6.6.8.Final]
	at org.hibernate.tool.schema.spi.SchemaManagementToolCoordinator.performDatabaseAction(SchemaManagementToolCoordinator.java:289) ~[hibernate-core-6.6.8.Final.jar:6.6.8.Final]
	at org.hibernate.tool.schema.spi.SchemaManagementToolCoordinator.lambda$process$5(SchemaManagementToolCoordinator.java:144) ~[hibernate-core-6.6.8.Final.jar:6.6.8.Final]
	at java.base/java.util.HashMap.forEach(HashMap.java:1430) ~[na:na]
	at org.hibernate.tool.schema.spi.SchemaManagementToolCoordinator.process(SchemaManagementToolCoordinator.java:141) ~[hibernate-core-6.6.8.Final.jar:6.6.8.Final]
	at org.hibernate.boot.internal.SessionFactoryObserverForSchemaExport.sessionFactoryCreated(SessionFactoryObserverForSchemaExport.java:37) ~[hibernate-core-6.6.8.Final.jar:6.6.8.Final]
	at org.hibernate.internal.SessionFactoryObserverChain.sessionFactoryCreated(SessionFactoryObserverChain.java:35) ~[hibernate-core-6.6.8.Final.jar:6.6.8.Final]
	at org.hibernate.internal.SessionFactoryImpl.<init>(SessionFactoryImpl.java:324) ~[hibernate-core-6.6.8.Final.jar:6.6.8.Final]
	at org.hibernate.boot.internal.SessionFactoryBuilderImpl.build(SessionFactoryBuilderImpl.java:463) ~[hibernate-core-6.6.8.Final.jar:6.6.8.Final]
	at org.hibernate.jpa.boot.internal.EntityManagerFactoryBuilderImpl.build(EntityManagerFactoryBuilderImpl.java:1517) ~[hibernate-core-6.6.8.Final.jar:6.6.8.Final]
	at org.springframework.orm.jpa.vendor.SpringHibernateJpaPersistenceProvider.createContainerEntityManagerFactory(SpringHibernateJpaPersistenceProvider.java:66) ~[spring-orm-6.2.3.jar:6.2.3]
	at org.springframework.orm.jpa.LocalContainerEntityManagerFactoryBean.createNativeEntityManagerFactory(LocalContainerEntityManagerFactoryBean.java:390) ~[spring-orm-6.2.3.jar:6.2.3]
	at org.springframework.orm.jpa.AbstractEntityManagerFactoryBean.buildNativeEntityManagerFactory(AbstractEntityManagerFactoryBean.java:419) ~[spring-orm-6.2.3.jar:6.2.3]
	... 19 common frames omitted

2026-03-24T00:32:11.722+01:00  INFO 21864 --- [eimt_lab] [main] m.u.f.wp.eimt_lab.EimtLabApplication     : Starting EimtLabApplication using Java 23 with PID 21864 (C:\desktop\eimt_lab\target\classes started by HP in C:\desktop\eimt_lab)
2026-03-24T00:32:11.723+01:00  INFO 21864 --- [eimt_lab] [main] m.u.f.wp.eimt_lab.EimtLabApplication     : The following 1 profile is active: "dev"
2026-03-24T00:32:12.801+01:00  INFO 21864 --- [eimt_lab] [main] o.apache.catalina.core.StandardService   : Starting service [Tomcat]
2026-03-24T00:32:12.801+01:00  INFO 21864 --- [eimt_lab] [main] o.apache.catalina.core.StandardEngine    : Starting Servlet engine: [Apache Tomcat/10.1.36]
2026-03-24T00:32:12.853+01:00  INFO 21864 --- [eimt_lab] [main] o.a.c.c.C.[Tomcat].[localhost].[/]       : Initializing Spring embedded WebApplicationContext
2026-03-24T00:32:13.017+01:00  INFO 21864 --- [eimt_lab] [main] com.zaxxer.hikari.HikariDataSource       : HikariPool-1 - Starting...
2026-03-24T00:32:13.124+01:00  INFO 21864 --- [eimt_lab] [main] com.zaxxer.hikari.pool.HikariPool        : HikariPool-1 - Added connection org.postgresql.jdbc.PgConnection@4eeb14e0
2026-03-24T00:32:13.125+01:00  INFO 21864 --- [eimt_lab] [main] com.zaxxer.hikari.HikariDataSource       : HikariPool-1 - Start completed.
2026-03-24T00:32:13.146+01:00  INFO 21864 --- [eimt_lab] [main] org.flywaydb.core.FlywayExecutor         : Database: jdbc:postgresql://localhost:5433/eimt_lab (PostgreSQL 17.4)
2026-03-24T00:32:13.181+01:00  INFO 21864 --- [eimt_lab] [main] o.f.c.i.s.JdbcTableSchemaHistory         : Schema history table "public"."flyway_schema_history" does not exist yet
2026-03-24T00:32:13.185+01:00  INFO 21864 --- [eimt_lab] [main] o.f.core.internal.command.DbValidate     : Successfully validated 5 migrations (execution time 00:00.017s)
2026-03-24T00:32:13.199+01:00  INFO 21864 --- [eimt_lab] [main] o.f.c.i.s.JdbcTableSchemaHistory         : Creating Schema History table "public"."flyway_schema_history" ...
2026-03-24T00:32:13.271+01:00  INFO 21864 --- [eimt_lab] [main] o.f.core.internal.command.DbMigrate      : Current version of schema "public": << Empty Schema >>
2026-03-24T00:32:13.286+01:00  INFO 21864 --- [eimt_lab] [main] o.f.core.internal.command.DbMigrate      : Migrating schema "public" to version "1 - create books and authors"
2026-03-24T00:32:13.326+01:00  INFO 21864 --- [eimt_lab] [main] o.f.core.internal.command.DbMigrate      : Migrating schema "public" to version "2 - insert data into books and authors and countries tables"
2026-03-24T00:32:13.354+01:00  INFO 21864 --- [eimt_lab] [main] o.f.core.internal.command.DbMigrate      : Migrating schema "public" to version "3 - add available copies"
2026-03-24T00:32:13.377+01:00  INFO 21864 --- [eimt_lab] [main] o.f.core.internal.command.DbMigrate      : Migrating schema "public" to version "4 - create book details view"
2026-03-24T00:32:13.398+01:00  INFO 21864 --- [eimt_lab] [main] o.f.core.internal.command.DbMigrate      : Migrating schema "public" to version "5 - create activity log"
2026-03-24T00:32:13.421+01:00  INFO 21864 --- [eimt_lab] [main] o.f.core.internal.command.DbMigrate      : Successfully applied 5 migrations to schema "public", now at version v5 (execution time 00:00.042s)
2026-03-24T00:32:13.484+01:00  INFO 21864 --- [eimt_lab] [main] o.hibernate.jpa.internal.util.LogHelper  : HHH000204: Processing PersistenceUnitInfo [name: default]
2026-03-24T00:32:13.529+01:00  INFO 21864 --- [eimt_lab] [main] org.hibernate.Version                    : HHH000412: Hibernate ORM core version 6.6.8.Final
2026-03-24T00:32:13.557+01:00  INFO 21864 --- [eimt_lab] [main] o.h.c.internal.RegionFactoryInitiator    : HHH000026: Second-level cache disabled
2026-03-24T00:32:13.793+01:00  INFO 21864 --- [eimt_lab] [main] org.hibernate.orm.connections.pooling    : HHH10001005: Database info:
	Database JDBC URL [Connecting through datasource 'HikariDataSource (HikariPool-1)']
	Database driver: undefined/unknown
	Database version: 17.4
	Autocommit mode: undefined/unknown
	Isolation level: undefined/unknown
	Minimum pool size: undefined/unknown
	Maximum pool size: undefined/unknown
2026-03-24T00:32:14.500+01:00  INFO 21864 --- [eimt_lab] [main] o.h.e.t.j.p.i.JtaPlatformInitiator       : HHH000489: No JTA platform available (set 'hibernate.transaction.jta.platform' to enable JTA platform integration)
2026-03-24T00:32:14.930+01:00  WARN 21864 --- [eimt_lab] [main] JpaBaseConfiguration$JpaWebConfiguration : spring.jpa.open-in-view is enabled by default. Therefore, database queries may be performed during view rendering. Explicitly configure spring.jpa.open-in-view to disable this warning
2026-03-24T00:32:15.295+01:00  INFO 21864 --- [eimt_lab] [main] m.u.f.wp.eimt_lab.EimtLabApplication     : Started EimtLabApplication in 3.9 seconds (process running for 4.372)
2026-03-24T00:32:19.643+01:00  INFO 21864 --- [eimt_lab] [http-nio-8080-exec-1] o.a.c.c.C.[Tomcat].[localhost].[/]       : Initializing Spring DispatcherServlet 'dispatcherServlet'
2026-03-24T00:32:20.992+01:00  INFO 21864 --- [eimt_lab] [http-nio-8080-exec-4] o.springdoc.api.AbstractOpenApiResource  : Init duration for springdoc-openapi is: 835 ms
2026-03-24T00:35:07.670+01:00 DEBUG 21864 --- [eimt_lab] [http-nio-8080-exec-8] org.hibernate.SQL                        : select b1_0.id,b1_0.author_id,a1_0.id,a1_0.country_id,c1_0.id,c1_0.continent,c1_0.name,a1_0.created_at,a1_0.name,a1_0.surname,a1_0.updated_at,b1_0.available_copies,b1_0.category,b1_0.created_at,b1_0.name,b1_0.rented,b1_0.state,b1_0.updated_at from books b1_0 join authors a1_0 on a1_0.id=b1_0.author_id join countries c1_0 on c1_0.id=a1_0.country_id where b1_0.category=? and b1_0.state=? and b1_0.author_id=? and b1_0.rented=? order by b1_0.name desc offset ? rows fetch first ? rows only
2026-03-24T00:35:07.672+01:00 TRACE 21864 --- [eimt_lab] [http-nio-8080-exec-8] org.hibernate.orm.jdbc.bind              : binding parameter (1:VARCHAR) <- [THRILLER]
2026-03-24T00:35:07.672+01:00 TRACE 21864 --- [eimt_lab] [http-nio-8080-exec-8] org.hibernate.orm.jdbc.bind              : binding parameter (2:VARCHAR) <- [GOOD]
2026-03-24T00:35:07.672+01:00 TRACE 21864 --- [eimt_lab] [http-nio-8080-exec-8] org.hibernate.orm.jdbc.bind              : binding parameter (3:BIGINT) <- [2]
2026-03-24T00:35:07.672+01:00 TRACE 21864 --- [eimt_lab] [http-nio-8080-exec-8] org.hibernate.orm.jdbc.bind              : binding parameter (4:BOOLEAN) <- [false]
2026-03-24T00:35:07.672+01:00 TRACE 21864 --- [eimt_lab] [http-nio-8080-exec-8] org.hibernate.orm.jdbc.bind              : binding parameter (5:INTEGER) <- [0]
2026-03-24T00:35:07.672+01:00 TRACE 21864 --- [eimt_lab] [http-nio-8080-exec-8] org.hibernate.orm.jdbc.bind              : binding parameter (6:INTEGER) <- [3]
2026-03-24T00:35:07.725+01:00  WARN 21864 --- [eimt_lab] [http-nio-8080-exec-8] ration$PageModule$WarningLoggingModifier : Serializing PageImpl instances as-is is not supported, meaning that there is no guarantee about the stability of the resulting JSON structure!
	For a stable JSON structure, please use Spring Data's PagedModel (globally via @EnableSpringDataWebSupport(pageSerializationMode = VIA_DTO))
	or Spring HATEOAS and Spring Data's PagedResourcesAssembler as documented in https://docs.spring.io/spring-data/commons/reference/repositories/core-extensions.html#core.web.pageables.

2026-03-24T00:35:31.193+01:00 DEBUG 21864 --- [eimt_lab] [http-nio-8080-exec-10] org.hibernate.SQL                        : select b1_0.id,b1_0.author_id,b1_0.available_copies,b1_0.category,b1_0.created_at,b1_0.name,b1_0.rented,b1_0.state,b1_0.updated_at from books b1_0 fetch first ? rows only
2026-03-24T00:35:31.209+01:00 TRACE 21864 --- [eimt_lab] [http-nio-8080-exec-10] org.hibernate.orm.jdbc.bind              : binding parameter (1:INTEGER) <- [3]
2026-03-24T00:35:31.227+01:00 DEBUG 21864 --- [eimt_lab] [http-nio-8080-exec-10] org.hibernate.SQL                        : select a1_0.id,a1_0.country_id,c1_0.id,c1_0.continent,c1_0.name,a1_0.created_at,a1_0.name,a1_0.surname,a1_0.updated_at from authors a1_0 join countries c1_0 on c1_0.id=a1_0.country_id where a1_0.id=?
2026-03-24T00:35:31.227+01:00 TRACE 21864 --- [eimt_lab] [http-nio-8080-exec-10] org.hibernate.orm.jdbc.bind              : binding parameter (1:BIGINT) <- [2]
2026-03-24T00:35:31.249+01:00 DEBUG 21864 --- [eimt_lab] [http-nio-8080-exec-10] org.hibernate.SQL                        : select a1_0.id,a1_0.country_id,c1_0.id,c1_0.continent,c1_0.name,a1_0.created_at,a1_0.name,a1_0.surname,a1_0.updated_at from authors a1_0 join countries c1_0 on c1_0.id=a1_0.country_id where a1_0.id=?
2026-03-24T00:35:31.251+01:00 TRACE 21864 --- [eimt_lab] [http-nio-8080-exec-10] org.hibernate.orm.jdbc.bind              : binding parameter (1:BIGINT) <- [1]
2026-03-24T00:35:31.255+01:00 DEBUG 21864 --- [eimt_lab] [http-nio-8080-exec-10] org.hibernate.SQL                        : select a1_0.id,a1_0.country_id,c1_0.id,c1_0.continent,c1_0.name,a1_0.created_at,a1_0.name,a1_0.surname,a1_0.updated_at from authors a1_0 join countries c1_0 on c1_0.id=a1_0.country_id where a1_0.id=?
2026-03-24T00:35:31.255+01:00 TRACE 21864 --- [eimt_lab] [http-nio-8080-exec-10] org.hibernate.orm.jdbc.bind              : binding parameter (1:BIGINT) <- [3]
2026-03-24T00:35:31.265+01:00 DEBUG 21864 --- [eimt_lab] [http-nio-8080-exec-10] org.hibernate.SQL                        : select count(b1_0.id) from books b1_0
2026-03-24T00:37:16.338+01:00  INFO 21864 --- [eimt_lab] [SpringApplicationShutdownHook] com.zaxxer.hikari.HikariDataSource       : HikariPool-1 - Shutdown initiated...
2026-03-24T00:37:16.341+01:00  INFO 21864 --- [eimt_lab] [SpringApplicationShutdownHook] com.zaxxer.hikari.HikariDataSource       : HikariPool-1 - Shutdown completed.
2026-03-24T00:37:18.869+01:00  INFO 28456 --- [eimt_lab] [main] m.u.f.wp.eimt_lab.EimtLabApplication     : Starting EimtLabApplication using Java 23 with PID 28456 (C:\desktop\eimt_lab\target\classes started by HP in C:\desktop\eimt_lab)
2026-03-24T00:37:18.871+01:00  INFO 28456 --- [eimt_lab] [main] m.u.f.wp.eimt_lab.EimtLabApplication     : The following 1 profile is active: "dev"
2026-03-24T00:37:20.015+01:00  INFO 28456 --- [eimt_lab] [main] o.apache.catalina.core.StandardService   : Starting service [Tomcat]
2026-03-24T00:37:20.015+01:00  INFO 28456 --- [eimt_lab] [main] o.apache.catalina.core.StandardEngine    : Starting Servlet engine: [Apache Tomcat/10.1.36]
2026-03-24T00:37:20.069+01:00  INFO 28456 --- [eimt_lab] [main] o.a.c.c.C.[Tomcat].[localhost].[/]       : Initializing Spring embedded WebApplicationContext
2026-03-24T00:37:20.262+01:00  INFO 28456 --- [eimt_lab] [main] com.zaxxer.hikari.HikariDataSource       : HikariPool-1 - Starting...
2026-03-24T00:37:20.365+01:00  INFO 28456 --- [eimt_lab] [main] com.zaxxer.hikari.pool.HikariPool        : HikariPool-1 - Added connection org.postgresql.jdbc.PgConnection@7b1a30e5
2026-03-24T00:37:20.365+01:00  INFO 28456 --- [eimt_lab] [main] com.zaxxer.hikari.HikariDataSource       : HikariPool-1 - Start completed.
2026-03-24T00:37:20.384+01:00  INFO 28456 --- [eimt_lab] [main] org.flywaydb.core.FlywayExecutor         : Database: jdbc:postgresql://localhost:5433/eimt_lab (PostgreSQL 17.4)
2026-03-24T00:37:20.427+01:00  INFO 28456 --- [eimt_lab] [main] o.f.c.i.s.JdbcTableSchemaHistory         : Schema history table "public"."flyway_schema_history" does not exist yet
2026-03-24T00:37:20.440+01:00  INFO 28456 --- [eimt_lab] [main] o.f.core.internal.command.DbValidate     : Successfully validated 6 migrations (execution time 00:00.027s)
2026-03-24T00:37:20.486+01:00  INFO 28456 --- [eimt_lab] [main] o.f.c.i.s.JdbcTableSchemaHistory         : Creating Schema History table "public"."flyway_schema_history" ...
2026-03-24T00:37:20.553+01:00  INFO 28456 --- [eimt_lab] [main] o.f.core.internal.command.DbMigrate      : Current version of schema "public": << Empty Schema >>
2026-03-24T00:37:20.565+01:00  INFO 28456 --- [eimt_lab] [main] o.f.core.internal.command.DbMigrate      : Migrating schema "public" to version "1 - create books and authors"
2026-03-24T00:37:20.608+01:00  INFO 28456 --- [eimt_lab] [main] o.f.core.internal.command.DbMigrate      : Migrating schema "public" to version "2 - insert data into books and authors and countries tables"
2026-03-24T00:37:20.642+01:00  INFO 28456 --- [eimt_lab] [main] o.f.core.internal.command.DbMigrate      : Migrating schema "public" to version "3 - add available copies"
2026-03-24T00:37:20.667+01:00  INFO 28456 --- [eimt_lab] [main] o.f.core.internal.command.DbMigrate      : Migrating schema "public" to version "4 - create book details view"
2026-03-24T00:37:20.698+01:00  INFO 28456 --- [eimt_lab] [main] o.f.core.internal.command.DbMigrate      : Migrating schema "public" to version "5 - create activity log"
2026-03-24T00:37:20.728+01:00  INFO 28456 --- [eimt_lab] [main] o.f.core.internal.command.DbMigrate      : Migrating schema "public" to version "6 - create materialized view"
2026-03-24T00:37:20.756+01:00  INFO 28456 --- [eimt_lab] [main] o.f.core.internal.command.DbMigrate      : Successfully applied 6 migrations to schema "public", now at version v6 (execution time 00:00.053s)
2026-03-24T00:37:20.819+01:00  INFO 28456 --- [eimt_lab] [main] o.hibernate.jpa.internal.util.LogHelper  : HHH000204: Processing PersistenceUnitInfo [name: default]
2026-03-24T00:37:20.853+01:00  INFO 28456 --- [eimt_lab] [main] org.hibernate.Version                    : HHH000412: Hibernate ORM core version 6.6.8.Final
2026-03-24T00:37:20.889+01:00  INFO 28456 --- [eimt_lab] [main] o.h.c.internal.RegionFactoryInitiator    : HHH000026: Second-level cache disabled
2026-03-24T00:37:21.596+01:00  INFO 28456 --- [eimt_lab] [main] org.hibernate.orm.connections.pooling    : HHH10001005: Database info:
	Database JDBC URL [Connecting through datasource 'HikariDataSource (HikariPool-1)']
	Database driver: undefined/unknown
	Database version: 17.4
	Autocommit mode: undefined/unknown
	Isolation level: undefined/unknown
	Minimum pool size: undefined/unknown
	Maximum pool size: undefined/unknown
2026-03-24T00:37:23.496+01:00  INFO 28456 --- [eimt_lab] [main] o.h.e.t.j.p.i.JtaPlatformInitiator       : HHH000489: No JTA platform available (set 'hibernate.transaction.jta.platform' to enable JTA platform integration)
2026-03-24T00:37:24.540+01:00  WARN 28456 --- [eimt_lab] [main] JpaBaseConfiguration$JpaWebConfiguration : spring.jpa.open-in-view is enabled by default. Therefore, database queries may be performed during view rendering. Explicitly configure spring.jpa.open-in-view to disable this warning
2026-03-24T00:37:25.542+01:00  INFO 28456 --- [eimt_lab] [main] m.u.f.wp.eimt_lab.EimtLabApplication     : Started EimtLabApplication in 7.055 seconds (process running for 7.654)
2026-03-24T00:37:29.554+01:00  INFO 28456 --- [eimt_lab] [http-nio-8080-exec-1] o.a.c.c.C.[Tomcat].[localhost].[/]       : Initializing Spring DispatcherServlet 'dispatcherServlet'
2026-03-24T00:37:30.703+01:00  INFO 28456 --- [eimt_lab] [http-nio-8080-exec-5] o.springdoc.api.AbstractOpenApiResource  : Init duration for springdoc-openapi is: 744 ms
2026-03-24T00:37:39.820+01:00 DEBUG 28456 --- [eimt_lab] [http-nio-8080-exec-4] org.hibernate.SQL                        : select bdv1_0.id,bdv1_0.author_full_name,bdv1_0.available_copies,bdv1_0.book_name,bdv1_0.category,bdv1_0.country_name,bdv1_0.state from book_details_view bdv1_0
2026-03-24T00:41:07.588+01:00  INFO 28456 --- [eimt_lab] [SpringApplicationShutdownHook] com.zaxxer.hikari.HikariDataSource       : HikariPool-1 - Shutdown initiated...
2026-03-24T00:41:07.590+01:00  INFO 28456 --- [eimt_lab] [SpringApplicationShutdownHook] com.zaxxer.hikari.HikariDataSource       : HikariPool-1 - Shutdown completed.
2026-03-24T00:41:10.418+01:00  INFO 3592 --- [eimt_lab] [main] m.u.f.wp.eimt_lab.EimtLabApplication     : Starting EimtLabApplication using Java 23 with PID 3592 (C:\desktop\eimt_lab\target\classes started by HP in C:\desktop\eimt_lab)
2026-03-24T00:41:10.418+01:00  INFO 3592 --- [eimt_lab] [main] m.u.f.wp.eimt_lab.EimtLabApplication     : The following 1 profile is active: "dev"
2026-03-24T00:41:11.620+01:00  INFO 3592 --- [eimt_lab] [main] o.apache.catalina.core.StandardService   : Starting service [Tomcat]
2026-03-24T00:41:11.620+01:00  INFO 3592 --- [eimt_lab] [main] o.apache.catalina.core.StandardEngine    : Starting Servlet engine: [Apache Tomcat/10.1.36]
2026-03-24T00:41:11.676+01:00  INFO 3592 --- [eimt_lab] [main] o.a.c.c.C.[Tomcat].[localhost].[/]       : Initializing Spring embedded WebApplicationContext
2026-03-24T00:41:11.867+01:00  INFO 3592 --- [eimt_lab] [main] com.zaxxer.hikari.HikariDataSource       : HikariPool-1 - Starting...
2026-03-24T00:41:11.976+01:00  INFO 3592 --- [eimt_lab] [main] com.zaxxer.hikari.pool.HikariPool        : HikariPool-1 - Added connection org.postgresql.jdbc.PgConnection@117b2cc6
2026-03-24T00:41:11.977+01:00  INFO 3592 --- [eimt_lab] [main] com.zaxxer.hikari.HikariDataSource       : HikariPool-1 - Start completed.
2026-03-24T00:41:11.999+01:00  INFO 3592 --- [eimt_lab] [main] org.flywaydb.core.FlywayExecutor         : Database: jdbc:postgresql://localhost:5433/eimt_lab (PostgreSQL 17.4)
2026-03-24T00:41:12.037+01:00  INFO 3592 --- [eimt_lab] [main] o.f.c.i.s.JdbcTableSchemaHistory         : Schema history table "public"."flyway_schema_history" does not exist yet
2026-03-24T00:41:12.040+01:00  INFO 3592 --- [eimt_lab] [main] o.f.core.internal.command.DbValidate     : Successfully validated 6 migrations (execution time 00:00.017s)
2026-03-24T00:41:12.058+01:00  INFO 3592 --- [eimt_lab] [main] o.f.c.i.s.JdbcTableSchemaHistory         : Creating Schema History table "public"."flyway_schema_history" ...
2026-03-24T00:41:12.123+01:00  INFO 3592 --- [eimt_lab] [main] o.f.core.internal.command.DbMigrate      : Current version of schema "public": << Empty Schema >>
2026-03-24T00:41:12.135+01:00  INFO 3592 --- [eimt_lab] [main] o.f.core.internal.command.DbMigrate      : Migrating schema "public" to version "1 - create books and authors"
2026-03-24T00:41:12.179+01:00  INFO 3592 --- [eimt_lab] [main] o.f.core.internal.command.DbMigrate      : Migrating schema "public" to version "2 - insert data into books and authors and countries tables"
2026-03-24T00:41:12.207+01:00  INFO 3592 --- [eimt_lab] [main] o.f.core.internal.command.DbMigrate      : Migrating schema "public" to version "3 - add available copies"
2026-03-24T00:41:12.232+01:00  INFO 3592 --- [eimt_lab] [main] o.f.core.internal.command.DbMigrate      : Migrating schema "public" to version "4 - create book details view"
2026-03-24T00:41:12.255+01:00  INFO 3592 --- [eimt_lab] [main] o.f.core.internal.command.DbMigrate      : Migrating schema "public" to version "5 - create activity log"
2026-03-24T00:41:12.283+01:00  INFO 3592 --- [eimt_lab] [main] o.f.core.internal.command.DbMigrate      : Migrating schema "public" to version "6 - create materialized view"
2026-03-24T00:41:12.310+01:00  INFO 3592 --- [eimt_lab] [main] o.f.core.internal.command.DbMigrate      : Successfully applied 6 migrations to schema "public", now at version v6 (execution time 00:00.050s)
2026-03-24T00:41:12.393+01:00  INFO 3592 --- [eimt_lab] [main] o.hibernate.jpa.internal.util.LogHelper  : HHH000204: Processing PersistenceUnitInfo [name: default]
2026-03-24T00:41:12.425+01:00  INFO 3592 --- [eimt_lab] [main] org.hibernate.Version                    : HHH000412: Hibernate ORM core version 6.6.8.Final
2026-03-24T00:41:12.449+01:00  INFO 3592 --- [eimt_lab] [main] o.h.c.internal.RegionFactoryInitiator    : HHH000026: Second-level cache disabled
2026-03-24T00:41:12.879+01:00  INFO 3592 --- [eimt_lab] [main] org.hibernate.orm.connections.pooling    : HHH10001005: Database info:
	Database JDBC URL [Connecting through datasource 'HikariDataSource (HikariPool-1)']
	Database driver: undefined/unknown
	Database version: 17.4
	Autocommit mode: undefined/unknown
	Isolation level: undefined/unknown
	Minimum pool size: undefined/unknown
	Maximum pool size: undefined/unknown
2026-03-24T00:41:14.420+01:00  INFO 3592 --- [eimt_lab] [main] o.h.e.t.j.p.i.JtaPlatformInitiator       : HHH000489: No JTA platform available (set 'hibernate.transaction.jta.platform' to enable JTA platform integration)
2026-03-24T00:41:14.450+01:00 ERROR 3592 --- [eimt_lab] [main] j.LocalContainerEntityManagerFactoryBean : Failed to initialize JPA EntityManagerFactory: [PersistenceUnit: default] Unable to build Hibernate SessionFactory; nested exception is org.hibernate.tool.schema.spi.SchemaManagementException: Schema-validation: missing column [author_full_name] in table [book_details_view]
2026-03-24T00:41:14.450+01:00  WARN 3592 --- [eimt_lab] [main] ConfigServletWebServerApplicationContext : Exception encountered during context initialization - cancelling refresh attempt: org.springframework.beans.factory.BeanCreationException: Error creating bean with name 'entityManagerFactory' defined in class path resource [org/springframework/boot/autoconfigure/orm/jpa/HibernateJpaConfiguration.class]: [PersistenceUnit: default] Unable to build Hibernate SessionFactory; nested exception is org.hibernate.tool.schema.spi.SchemaManagementException: Schema-validation: missing column [author_full_name] in table [book_details_view]
2026-03-24T00:41:14.451+01:00  INFO 3592 --- [eimt_lab] [main] com.zaxxer.hikari.HikariDataSource       : HikariPool-1 - Shutdown initiated...
2026-03-24T00:41:14.454+01:00  INFO 3592 --- [eimt_lab] [main] com.zaxxer.hikari.HikariDataSource       : HikariPool-1 - Shutdown completed.
2026-03-24T00:41:14.457+01:00  INFO 3592 --- [eimt_lab] [main] o.apache.catalina.core.StandardService   : Stopping service [Tomcat]
2026-03-24T00:41:14.478+01:00 ERROR 3592 --- [eimt_lab] [main] o.s.boot.SpringApplication               : Application run failed

org.springframework.beans.factory.BeanCreationException: Error creating bean with name 'entityManagerFactory' defined in class path resource [org/springframework/boot/autoconfigure/orm/jpa/HibernateJpaConfiguration.class]: [PersistenceUnit: default] Unable to build Hibernate SessionFactory; nested exception is org.hibernate.tool.schema.spi.SchemaManagementException: Schema-validation: missing column [author_full_name] in table [book_details_view]
	at org.springframework.beans.factory.support.AbstractAutowireCapableBeanFactory.initializeBean(AbstractAutowireCapableBeanFactory.java:1812) ~[spring-beans-6.2.3.jar:6.2.3]
	at org.springframework.beans.factory.support.AbstractAutowireCapableBeanFactory.doCreateBean(AbstractAutowireCapableBeanFactory.java:601) ~[spring-beans-6.2.3.jar:6.2.3]
	at org.springframework.beans.factory.support.AbstractAutowireCapableBeanFactory.createBean(AbstractAutowireCapableBeanFactory.java:523) ~[spring-beans-6.2.3.jar:6.2.3]
	at org.springframework.beans.factory.support.AbstractBeanFactory.lambda$doGetBean$0(AbstractBeanFactory.java:339) ~[spring-beans-6.2.3.jar:6.2.3]
	at org.springframework.beans.factory.support.DefaultSingletonBeanRegistry.getSingleton(DefaultSingletonBeanRegistry.java:346) ~[spring-beans-6.2.3.jar:6.2.3]
	at org.springframework.beans.factory.support.AbstractBeanFactory.doGetBean(AbstractBeanFactory.java:337) ~[spring-beans-6.2.3.jar:6.2.3]
	at org.springframework.beans.factory.support.AbstractBeanFactory.getBean(AbstractBeanFactory.java:207) ~[spring-beans-6.2.3.jar:6.2.3]
	at org.springframework.context.support.AbstractApplicationContext.finishBeanFactoryInitialization(AbstractApplicationContext.java:970) ~[spring-context-6.2.3.jar:6.2.3]
	at org.springframework.context.support.AbstractApplicationContext.refresh(AbstractApplicationContext.java:627) ~[spring-context-6.2.3.jar:6.2.3]
	at org.springframework.boot.web.servlet.context.ServletWebServerApplicationContext.refresh(ServletWebServerApplicationContext.java:146) ~[spring-boot-3.4.3.jar:3.4.3]
	at org.springframework.boot.SpringApplication.refresh(SpringApplication.java:752) ~[spring-boot-3.4.3.jar:3.4.3]
	at org.springframework.boot.SpringApplication.refreshContext(SpringApplication.java:439) ~[spring-boot-3.4.3.jar:3.4.3]
	at org.springframework.boot.SpringApplication.run(SpringApplication.java:318) ~[spring-boot-3.4.3.jar:3.4.3]
	at org.springframework.boot.SpringApplication.run(SpringApplication.java:1361) ~[spring-boot-3.4.3.jar:3.4.3]
	at org.springframework.boot.SpringApplication.run(SpringApplication.java:1350) ~[spring-boot-3.4.3.jar:3.4.3]
	at mk.ukim.finki.wp.eimt_lab.EimtLabApplication.main(EimtLabApplication.java:14) ~[classes/:na]
Caused by: jakarta.persistence.PersistenceException: [PersistenceUnit: default] Unable to build Hibernate SessionFactory; nested exception is org.hibernate.tool.schema.spi.SchemaManagementException: Schema-validation: missing column [author_full_name] in table [book_details_view]
	at org.springframework.orm.jpa.AbstractEntityManagerFactoryBean.buildNativeEntityManagerFactory(AbstractEntityManagerFactoryBean.java:431) ~[spring-orm-6.2.3.jar:6.2.3]
	at org.springframework.orm.jpa.AbstractEntityManagerFactoryBean.afterPropertiesSet(AbstractEntityManagerFactoryBean.java:400) ~[spring-orm-6.2.3.jar:6.2.3]
	at org.springframework.orm.jpa.LocalContainerEntityManagerFactoryBean.afterPropertiesSet(LocalContainerEntityManagerFactoryBean.java:366) ~[spring-orm-6.2.3.jar:6.2.3]
	at org.springframework.beans.factory.support.AbstractAutowireCapableBeanFactory.invokeInitMethods(AbstractAutowireCapableBeanFactory.java:1859) ~[spring-beans-6.2.3.jar:6.2.3]
	at org.springframework.beans.factory.support.AbstractAutowireCapableBeanFactory.initializeBean(AbstractAutowireCapableBeanFactory.java:1808) ~[spring-beans-6.2.3.jar:6.2.3]
	... 15 common frames omitted
Caused by: org.hibernate.tool.schema.spi.SchemaManagementException: Schema-validation: missing column [author_full_name] in table [book_details_view]
	at org.hibernate.tool.schema.internal.AbstractSchemaValidator.validateTable(AbstractSchemaValidator.java:149) ~[hibernate-core-6.6.8.Final.jar:6.6.8.Final]
	at org.hibernate.tool.schema.internal.GroupedSchemaValidatorImpl.validateTables(GroupedSchemaValidatorImpl.java:46) ~[hibernate-core-6.6.8.Final.jar:6.6.8.Final]
	at org.hibernate.tool.schema.internal.AbstractSchemaValidator.performValidation(AbstractSchemaValidator.java:99) ~[hibernate-core-6.6.8.Final.jar:6.6.8.Final]
	at org.hibernate.tool.schema.internal.AbstractSchemaValidator.doValidation(AbstractSchemaValidator.java:77) ~[hibernate-core-6.6.8.Final.jar:6.6.8.Final]
	at org.hibernate.tool.schema.spi.SchemaManagementToolCoordinator.performDatabaseAction(SchemaManagementToolCoordinator.java:289) ~[hibernate-core-6.6.8.Final.jar:6.6.8.Final]
	at org.hibernate.tool.schema.spi.SchemaManagementToolCoordinator.lambda$process$5(SchemaManagementToolCoordinator.java:144) ~[hibernate-core-6.6.8.Final.jar:6.6.8.Final]
	at java.base/java.util.HashMap.forEach(HashMap.java:1430) ~[na:na]
	at org.hibernate.tool.schema.spi.SchemaManagementToolCoordinator.process(SchemaManagementToolCoordinator.java:141) ~[hibernate-core-6.6.8.Final.jar:6.6.8.Final]
	at org.hibernate.boot.internal.SessionFactoryObserverForSchemaExport.sessionFactoryCreated(SessionFactoryObserverForSchemaExport.java:37) ~[hibernate-core-6.6.8.Final.jar:6.6.8.Final]
	at org.hibernate.internal.SessionFactoryObserverChain.sessionFactoryCreated(SessionFactoryObserverChain.java:35) ~[hibernate-core-6.6.8.Final.jar:6.6.8.Final]
	at org.hibernate.internal.SessionFactoryImpl.<init>(SessionFactoryImpl.java:324) ~[hibernate-core-6.6.8.Final.jar:6.6.8.Final]
	at org.hibernate.boot.internal.SessionFactoryBuilderImpl.build(SessionFactoryBuilderImpl.java:463) ~[hibernate-core-6.6.8.Final.jar:6.6.8.Final]
	at org.hibernate.jpa.boot.internal.EntityManagerFactoryBuilderImpl.build(EntityManagerFactoryBuilderImpl.java:1517) ~[hibernate-core-6.6.8.Final.jar:6.6.8.Final]
	at org.springframework.orm.jpa.vendor.SpringHibernateJpaPersistenceProvider.createContainerEntityManagerFactory(SpringHibernateJpaPersistenceProvider.java:66) ~[spring-orm-6.2.3.jar:6.2.3]
	at org.springframework.orm.jpa.LocalContainerEntityManagerFactoryBean.createNativeEntityManagerFactory(LocalContainerEntityManagerFactoryBean.java:390) ~[spring-orm-6.2.3.jar:6.2.3]
	at org.springframework.orm.jpa.AbstractEntityManagerFactoryBean.buildNativeEntityManagerFactory(AbstractEntityManagerFactoryBean.java:419) ~[spring-orm-6.2.3.jar:6.2.3]
	... 19 common frames omitted

2026-03-24T00:42:41.278+01:00  INFO 21152 --- [eimt_lab] [main] m.u.f.wp.eimt_lab.EimtLabApplication     : Starting EimtLabApplication using Java 23 with PID 21152 (C:\desktop\eimt_lab\target\classes started by HP in C:\desktop\eimt_lab)
2026-03-24T00:42:41.281+01:00  INFO 21152 --- [eimt_lab] [main] m.u.f.wp.eimt_lab.EimtLabApplication     : The following 1 profile is active: "dev"
2026-03-24T00:42:42.382+01:00  INFO 21152 --- [eimt_lab] [main] o.apache.catalina.core.StandardService   : Starting service [Tomcat]
2026-03-24T00:42:42.383+01:00  INFO 21152 --- [eimt_lab] [main] o.apache.catalina.core.StandardEngine    : Starting Servlet engine: [Apache Tomcat/10.1.36]
2026-03-24T00:42:42.432+01:00  INFO 21152 --- [eimt_lab] [main] o.a.c.c.C.[Tomcat].[localhost].[/]       : Initializing Spring embedded WebApplicationContext
2026-03-24T00:42:42.599+01:00  INFO 21152 --- [eimt_lab] [main] com.zaxxer.hikari.HikariDataSource       : HikariPool-1 - Starting...
2026-03-24T00:42:42.700+01:00  INFO 21152 --- [eimt_lab] [main] com.zaxxer.hikari.pool.HikariPool        : HikariPool-1 - Added connection org.postgresql.jdbc.PgConnection@6def0632
2026-03-24T00:42:42.701+01:00  INFO 21152 --- [eimt_lab] [main] com.zaxxer.hikari.HikariDataSource       : HikariPool-1 - Start completed.
2026-03-24T00:42:42.723+01:00  INFO 21152 --- [eimt_lab] [main] org.flywaydb.core.FlywayExecutor         : Database: jdbc:postgresql://localhost:5433/eimt_lab (PostgreSQL 17.4)
2026-03-24T00:42:42.759+01:00  INFO 21152 --- [eimt_lab] [main] o.f.c.i.s.JdbcTableSchemaHistory         : Schema history table "public"."flyway_schema_history" does not exist yet
2026-03-24T00:42:42.763+01:00  INFO 21152 --- [eimt_lab] [main] o.f.core.internal.command.DbValidate     : Successfully validated 6 migrations (execution time 00:00.017s)
2026-03-24T00:42:42.777+01:00  INFO 21152 --- [eimt_lab] [main] o.f.c.i.s.JdbcTableSchemaHistory         : Creating Schema History table "public"."flyway_schema_history" ...
2026-03-24T00:42:42.859+01:00  INFO 21152 --- [eimt_lab] [main] o.f.core.internal.command.DbMigrate      : Current version of schema "public": << Empty Schema >>
2026-03-24T00:42:42.871+01:00  INFO 21152 --- [eimt_lab] [main] o.f.core.internal.command.DbMigrate      : Migrating schema "public" to version "1 - create books and authors"
2026-03-24T00:42:42.910+01:00  INFO 21152 --- [eimt_lab] [main] o.f.core.internal.command.DbMigrate      : Migrating schema "public" to version "2 - insert data into books and authors and countries tables"
2026-03-24T00:42:42.937+01:00  INFO 21152 --- [eimt_lab] [main] o.f.core.internal.command.DbMigrate      : Migrating schema "public" to version "3 - add available copies"
2026-03-24T00:42:42.960+01:00  INFO 21152 --- [eimt_lab] [main] o.f.core.internal.command.DbMigrate      : Migrating schema "public" to version "4 - create book details view"
2026-03-24T00:42:42.982+01:00  INFO 21152 --- [eimt_lab] [main] o.f.core.internal.command.DbMigrate      : Migrating schema "public" to version "5 - create activity log"
2026-03-24T00:42:43.011+01:00  INFO 21152 --- [eimt_lab] [main] o.f.core.internal.command.DbMigrate      : Migrating schema "public" to version "6 - create materialized view"
2026-03-24T00:42:43.017+01:00  INFO 21152 --- [eimt_lab] [main] o.f.c.i.s.DefaultSqlScriptExecutor       : DB: materialized view "book_details_view" does not exist, skipping
2026-03-24T00:42:43.043+01:00  INFO 21152 --- [eimt_lab] [main] o.f.core.internal.command.DbMigrate      : Successfully applied 6 migrations to schema "public", now at version v6 (execution time 00:00.055s)
2026-03-24T00:42:43.125+01:00  INFO 21152 --- [eimt_lab] [main] o.hibernate.jpa.internal.util.LogHelper  : HHH000204: Processing PersistenceUnitInfo [name: default]
2026-03-24T00:42:43.161+01:00  INFO 21152 --- [eimt_lab] [main] org.hibernate.Version                    : HHH000412: Hibernate ORM core version 6.6.8.Final
2026-03-24T00:42:43.183+01:00  INFO 21152 --- [eimt_lab] [main] o.h.c.internal.RegionFactoryInitiator    : HHH000026: Second-level cache disabled
2026-03-24T00:42:43.418+01:00  INFO 21152 --- [eimt_lab] [main] org.hibernate.orm.connections.pooling    : HHH10001005: Database info:
	Database JDBC URL [Connecting through datasource 'HikariDataSource (HikariPool-1)']
	Database driver: undefined/unknown
	Database version: 17.4
	Autocommit mode: undefined/unknown
	Isolation level: undefined/unknown
	Minimum pool size: undefined/unknown
	Maximum pool size: undefined/unknown
2026-03-24T00:42:44.088+01:00  INFO 21152 --- [eimt_lab] [main] o.h.e.t.j.p.i.JtaPlatformInitiator       : HHH000489: No JTA platform available (set 'hibernate.transaction.jta.platform' to enable JTA platform integration)
2026-03-24T00:42:44.118+01:00 ERROR 21152 --- [eimt_lab] [main] j.LocalContainerEntityManagerFactoryBean : Failed to initialize JPA EntityManagerFactory: [PersistenceUnit: default] Unable to build Hibernate SessionFactory; nested exception is org.hibernate.tool.schema.spi.SchemaManagementException: Schema-validation: missing column [available_copies] in table [book_details_view]
2026-03-24T00:42:44.118+01:00  WARN 21152 --- [eimt_lab] [main] ConfigServletWebServerApplicationContext : Exception encountered during context initialization - cancelling refresh attempt: org.springframework.beans.factory.BeanCreationException: Error creating bean with name 'entityManagerFactory' defined in class path resource [org/springframework/boot/autoconfigure/orm/jpa/HibernateJpaConfiguration.class]: [PersistenceUnit: default] Unable to build Hibernate SessionFactory; nested exception is org.hibernate.tool.schema.spi.SchemaManagementException: Schema-validation: missing column [available_copies] in table [book_details_view]
2026-03-24T00:42:44.118+01:00  INFO 21152 --- [eimt_lab] [main] com.zaxxer.hikari.HikariDataSource       : HikariPool-1 - Shutdown initiated...
2026-03-24T00:42:44.121+01:00  INFO 21152 --- [eimt_lab] [main] com.zaxxer.hikari.HikariDataSource       : HikariPool-1 - Shutdown completed.
2026-03-24T00:42:44.126+01:00  INFO 21152 --- [eimt_lab] [main] o.apache.catalina.core.StandardService   : Stopping service [Tomcat]
2026-03-24T00:42:44.145+01:00 ERROR 21152 --- [eimt_lab] [main] o.s.boot.SpringApplication               : Application run failed

org.springframework.beans.factory.BeanCreationException: Error creating bean with name 'entityManagerFactory' defined in class path resource [org/springframework/boot/autoconfigure/orm/jpa/HibernateJpaConfiguration.class]: [PersistenceUnit: default] Unable to build Hibernate SessionFactory; nested exception is org.hibernate.tool.schema.spi.SchemaManagementException: Schema-validation: missing column [available_copies] in table [book_details_view]
	at org.springframework.beans.factory.support.AbstractAutowireCapableBeanFactory.initializeBean(AbstractAutowireCapableBeanFactory.java:1812) ~[spring-beans-6.2.3.jar:6.2.3]
	at org.springframework.beans.factory.support.AbstractAutowireCapableBeanFactory.doCreateBean(AbstractAutowireCapableBeanFactory.java:601) ~[spring-beans-6.2.3.jar:6.2.3]
	at org.springframework.beans.factory.support.AbstractAutowireCapableBeanFactory.createBean(AbstractAutowireCapableBeanFactory.java:523) ~[spring-beans-6.2.3.jar:6.2.3]
	at org.springframework.beans.factory.support.AbstractBeanFactory.lambda$doGetBean$0(AbstractBeanFactory.java:339) ~[spring-beans-6.2.3.jar:6.2.3]
	at org.springframework.beans.factory.support.DefaultSingletonBeanRegistry.getSingleton(DefaultSingletonBeanRegistry.java:346) ~[spring-beans-6.2.3.jar:6.2.3]
	at org.springframework.beans.factory.support.AbstractBeanFactory.doGetBean(AbstractBeanFactory.java:337) ~[spring-beans-6.2.3.jar:6.2.3]
	at org.springframework.beans.factory.support.AbstractBeanFactory.getBean(AbstractBeanFactory.java:207) ~[spring-beans-6.2.3.jar:6.2.3]
	at org.springframework.context.support.AbstractApplicationContext.finishBeanFactoryInitialization(AbstractApplicationContext.java:970) ~[spring-context-6.2.3.jar:6.2.3]
	at org.springframework.context.support.AbstractApplicationContext.refresh(AbstractApplicationContext.java:627) ~[spring-context-6.2.3.jar:6.2.3]
	at org.springframework.boot.web.servlet.context.ServletWebServerApplicationContext.refresh(ServletWebServerApplicationContext.java:146) ~[spring-boot-3.4.3.jar:3.4.3]
	at org.springframework.boot.SpringApplication.refresh(SpringApplication.java:752) ~[spring-boot-3.4.3.jar:3.4.3]
	at org.springframework.boot.SpringApplication.refreshContext(SpringApplication.java:439) ~[spring-boot-3.4.3.jar:3.4.3]
	at org.springframework.boot.SpringApplication.run(SpringApplication.java:318) ~[spring-boot-3.4.3.jar:3.4.3]
	at org.springframework.boot.SpringApplication.run(SpringApplication.java:1361) ~[spring-boot-3.4.3.jar:3.4.3]
	at org.springframework.boot.SpringApplication.run(SpringApplication.java:1350) ~[spring-boot-3.4.3.jar:3.4.3]
	at mk.ukim.finki.wp.eimt_lab.EimtLabApplication.main(EimtLabApplication.java:14) ~[classes/:na]
Caused by: jakarta.persistence.PersistenceException: [PersistenceUnit: default] Unable to build Hibernate SessionFactory; nested exception is org.hibernate.tool.schema.spi.SchemaManagementException: Schema-validation: missing column [available_copies] in table [book_details_view]
	at org.springframework.orm.jpa.AbstractEntityManagerFactoryBean.buildNativeEntityManagerFactory(AbstractEntityManagerFactoryBean.java:431) ~[spring-orm-6.2.3.jar:6.2.3]
	at org.springframework.orm.jpa.AbstractEntityManagerFactoryBean.afterPropertiesSet(AbstractEntityManagerFactoryBean.java:400) ~[spring-orm-6.2.3.jar:6.2.3]
	at org.springframework.orm.jpa.LocalContainerEntityManagerFactoryBean.afterPropertiesSet(LocalContainerEntityManagerFactoryBean.java:366) ~[spring-orm-6.2.3.jar:6.2.3]
	at org.springframework.beans.factory.support.AbstractAutowireCapableBeanFactory.invokeInitMethods(AbstractAutowireCapableBeanFactory.java:1859) ~[spring-beans-6.2.3.jar:6.2.3]
	at org.springframework.beans.factory.support.AbstractAutowireCapableBeanFactory.initializeBean(AbstractAutowireCapableBeanFactory.java:1808) ~[spring-beans-6.2.3.jar:6.2.3]
	... 15 common frames omitted
Caused by: org.hibernate.tool.schema.spi.SchemaManagementException: Schema-validation: missing column [available_copies] in table [book_details_view]
	at org.hibernate.tool.schema.internal.AbstractSchemaValidator.validateTable(AbstractSchemaValidator.java:149) ~[hibernate-core-6.6.8.Final.jar:6.6.8.Final]
	at org.hibernate.tool.schema.internal.GroupedSchemaValidatorImpl.validateTables(GroupedSchemaValidatorImpl.java:46) ~[hibernate-core-6.6.8.Final.jar:6.6.8.Final]
	at org.hibernate.tool.schema.internal.AbstractSchemaValidator.performValidation(AbstractSchemaValidator.java:99) ~[hibernate-core-6.6.8.Final.jar:6.6.8.Final]
	at org.hibernate.tool.schema.internal.AbstractSchemaValidator.doValidation(AbstractSchemaValidator.java:77) ~[hibernate-core-6.6.8.Final.jar:6.6.8.Final]
	at org.hibernate.tool.schema.spi.SchemaManagementToolCoordinator.performDatabaseAction(SchemaManagementToolCoordinator.java:289) ~[hibernate-core-6.6.8.Final.jar:6.6.8.Final]
	at org.hibernate.tool.schema.spi.SchemaManagementToolCoordinator.lambda$process$5(SchemaManagementToolCoordinator.java:144) ~[hibernate-core-6.6.8.Final.jar:6.6.8.Final]
	at java.base/java.util.HashMap.forEach(HashMap.java:1430) ~[na:na]
	at org.hibernate.tool.schema.spi.SchemaManagementToolCoordinator.process(SchemaManagementToolCoordinator.java:141) ~[hibernate-core-6.6.8.Final.jar:6.6.8.Final]
	at org.hibernate.boot.internal.SessionFactoryObserverForSchemaExport.sessionFactoryCreated(SessionFactoryObserverForSchemaExport.java:37) ~[hibernate-core-6.6.8.Final.jar:6.6.8.Final]
	at org.hibernate.internal.SessionFactoryObserverChain.sessionFactoryCreated(SessionFactoryObserverChain.java:35) ~[hibernate-core-6.6.8.Final.jar:6.6.8.Final]
	at org.hibernate.internal.SessionFactoryImpl.<init>(SessionFactoryImpl.java:324) ~[hibernate-core-6.6.8.Final.jar:6.6.8.Final]
	at org.hibernate.boot.internal.SessionFactoryBuilderImpl.build(SessionFactoryBuilderImpl.java:463) ~[hibernate-core-6.6.8.Final.jar:6.6.8.Final]
	at org.hibernate.jpa.boot.internal.EntityManagerFactoryBuilderImpl.build(EntityManagerFactoryBuilderImpl.java:1517) ~[hibernate-core-6.6.8.Final.jar:6.6.8.Final]
	at org.springframework.orm.jpa.vendor.SpringHibernateJpaPersistenceProvider.createContainerEntityManagerFactory(SpringHibernateJpaPersistenceProvider.java:66) ~[spring-orm-6.2.3.jar:6.2.3]
	at org.springframework.orm.jpa.LocalContainerEntityManagerFactoryBean.createNativeEntityManagerFactory(LocalContainerEntityManagerFactoryBean.java:390) ~[spring-orm-6.2.3.jar:6.2.3]
	at org.springframework.orm.jpa.AbstractEntityManagerFactoryBean.buildNativeEntityManagerFactory(AbstractEntityManagerFactoryBean.java:419) ~[spring-orm-6.2.3.jar:6.2.3]
	... 19 common frames omitted

2026-03-24T00:43:51.244+01:00  INFO 4724 --- [eimt_lab] [main] m.u.f.wp.eimt_lab.EimtLabApplication     : Starting EimtLabApplication using Java 23 with PID 4724 (C:\desktop\eimt_lab\target\classes started by HP in C:\desktop\eimt_lab)
2026-03-24T00:43:51.246+01:00  INFO 4724 --- [eimt_lab] [main] m.u.f.wp.eimt_lab.EimtLabApplication     : The following 1 profile is active: "dev"
2026-03-24T00:43:52.326+01:00  INFO 4724 --- [eimt_lab] [main] o.apache.catalina.core.StandardService   : Starting service [Tomcat]
2026-03-24T00:43:52.326+01:00  INFO 4724 --- [eimt_lab] [main] o.apache.catalina.core.StandardEngine    : Starting Servlet engine: [Apache Tomcat/10.1.36]
2026-03-24T00:43:52.371+01:00  INFO 4724 --- [eimt_lab] [main] o.a.c.c.C.[Tomcat].[localhost].[/]       : Initializing Spring embedded WebApplicationContext
2026-03-24T00:43:52.543+01:00  INFO 4724 --- [eimt_lab] [main] com.zaxxer.hikari.HikariDataSource       : HikariPool-1 - Starting...
2026-03-24T00:43:52.646+01:00  INFO 4724 --- [eimt_lab] [main] com.zaxxer.hikari.pool.HikariPool        : HikariPool-1 - Added connection org.postgresql.jdbc.PgConnection@4eeb14e0
2026-03-24T00:43:52.647+01:00  INFO 4724 --- [eimt_lab] [main] com.zaxxer.hikari.HikariDataSource       : HikariPool-1 - Start completed.
2026-03-24T00:43:52.669+01:00  INFO 4724 --- [eimt_lab] [main] org.flywaydb.core.FlywayExecutor         : Database: jdbc:postgresql://localhost:5433/eimt_lab (PostgreSQL 17.4)
2026-03-24T00:43:52.703+01:00  INFO 4724 --- [eimt_lab] [main] o.f.c.i.s.JdbcTableSchemaHistory         : Schema history table "public"."flyway_schema_history" does not exist yet
2026-03-24T00:43:52.707+01:00  INFO 4724 --- [eimt_lab] [main] o.f.core.internal.command.DbValidate     : Successfully validated 6 migrations (execution time 00:00.016s)
2026-03-24T00:43:52.722+01:00  INFO 4724 --- [eimt_lab] [main] o.f.c.i.s.JdbcTableSchemaHistory         : Creating Schema History table "public"."flyway_schema_history" ...
2026-03-24T00:43:52.795+01:00  INFO 4724 --- [eimt_lab] [main] o.f.core.internal.command.DbMigrate      : Current version of schema "public": << Empty Schema >>
2026-03-24T00:43:52.809+01:00  INFO 4724 --- [eimt_lab] [main] o.f.core.internal.command.DbMigrate      : Migrating schema "public" to version "1 - create books and authors"
2026-03-24T00:43:52.849+01:00  INFO 4724 --- [eimt_lab] [main] o.f.core.internal.command.DbMigrate      : Migrating schema "public" to version "2 - insert data into books and authors and countries tables"
2026-03-24T00:43:52.875+01:00  INFO 4724 --- [eimt_lab] [main] o.f.core.internal.command.DbMigrate      : Migrating schema "public" to version "3 - add available copies"
2026-03-24T00:43:52.900+01:00  INFO 4724 --- [eimt_lab] [main] o.f.core.internal.command.DbMigrate      : Migrating schema "public" to version "4 - create book details view"
2026-03-24T00:43:52.923+01:00  INFO 4724 --- [eimt_lab] [main] o.f.core.internal.command.DbMigrate      : Migrating schema "public" to version "5 - create activity log"
2026-03-24T00:43:52.949+01:00  INFO 4724 --- [eimt_lab] [main] o.f.core.internal.command.DbMigrate      : Migrating schema "public" to version "6 - create materialized view"
2026-03-24T00:43:52.966+01:00 ERROR 4724 --- [eimt_lab] [main] o.f.core.internal.command.DbMigrate      : Migration of schema "public" to version "6 - create materialized view" failed! Changes successfully rolled back.
2026-03-24T00:43:52.974+01:00  WARN 4724 --- [eimt_lab] [main] ConfigServletWebServerApplicationContext : Exception encountered during context initialization - cancelling refresh attempt: org.springframework.beans.factory.BeanCreationException: Error creating bean with name 'entityManagerFactory' defined in class path resource [org/springframework/boot/autoconfigure/orm/jpa/HibernateJpaConfiguration.class]: Failed to initialize dependency 'flywayInitializer' of LoadTimeWeaverAware bean 'entityManagerFactory': Error creating bean with name 'flywayInitializer' defined in class path resource [org/springframework/boot/autoconfigure/flyway/FlywayAutoConfiguration$FlywayConfiguration.class]: Script V6__create_materialized_view.sql failed
----------------------------------------------
SQL State  : 42809
Error Code : 0
Message    : ERROR: "book_details_view" is not a materialized view
  Hint: Use DROP VIEW to remove a view.
Location   : db/migration/V6__create_materialized_view.sql (C:\desktop\eimt_lab\target\classes\db\migration\V6__create_materialized_view.sql)
Line       : 2
Statement  : Run Flyway with -X option to see the actual statement causing the problem

2026-03-24T00:43:52.974+01:00  INFO 4724 --- [eimt_lab] [main] com.zaxxer.hikari.HikariDataSource       : HikariPool-1 - Shutdown initiated...
2026-03-24T00:43:52.998+01:00  INFO 4724 --- [eimt_lab] [main] com.zaxxer.hikari.HikariDataSource       : HikariPool-1 - Shutdown completed.
2026-03-24T00:43:53.001+01:00  INFO 4724 --- [eimt_lab] [main] o.apache.catalina.core.StandardService   : Stopping service [Tomcat]
2026-03-24T00:43:53.022+01:00 ERROR 4724 --- [eimt_lab] [main] o.s.boot.SpringApplication               : Application run failed

org.springframework.beans.factory.BeanCreationException: Error creating bean with name 'entityManagerFactory' defined in class path resource [org/springframework/boot/autoconfigure/orm/jpa/HibernateJpaConfiguration.class]: Failed to initialize dependency 'flywayInitializer' of LoadTimeWeaverAware bean 'entityManagerFactory': Error creating bean with name 'flywayInitializer' defined in class path resource [org/springframework/boot/autoconfigure/flyway/FlywayAutoConfiguration$FlywayConfiguration.class]: Script V6__create_materialized_view.sql failed
----------------------------------------------
SQL State  : 42809
Error Code : 0
Message    : ERROR: "book_details_view" is not a materialized view
  Hint: Use DROP VIEW to remove a view.
Location   : db/migration/V6__create_materialized_view.sql (C:\desktop\eimt_lab\target\classes\db\migration\V6__create_materialized_view.sql)
Line       : 2
Statement  : Run Flyway with -X option to see the actual statement causing the problem

	at org.springframework.beans.factory.support.AbstractBeanFactory.doGetBean(AbstractBeanFactory.java:328) ~[spring-beans-6.2.3.jar:6.2.3]
	at org.springframework.beans.factory.support.AbstractBeanFactory.getBean(AbstractBeanFactory.java:207) ~[spring-beans-6.2.3.jar:6.2.3]
	at org.springframework.context.support.AbstractApplicationContext.finishBeanFactoryInitialization(AbstractApplicationContext.java:970) ~[spring-context-6.2.3.jar:6.2.3]
	at org.springframework.context.support.AbstractApplicationContext.refresh(AbstractApplicationContext.java:627) ~[spring-context-6.2.3.jar:6.2.3]
	at org.springframework.boot.web.servlet.context.ServletWebServerApplicationContext.refresh(ServletWebServerApplicationContext.java:146) ~[spring-boot-3.4.3.jar:3.4.3]
	at org.springframework.boot.SpringApplication.refresh(SpringApplication.java:752) ~[spring-boot-3.4.3.jar:3.4.3]
	at org.springframework.boot.SpringApplication.refreshContext(SpringApplication.java:439) ~[spring-boot-3.4.3.jar:3.4.3]
	at org.springframework.boot.SpringApplication.run(SpringApplication.java:318) ~[spring-boot-3.4.3.jar:3.4.3]
	at org.springframework.boot.SpringApplication.run(SpringApplication.java:1361) ~[spring-boot-3.4.3.jar:3.4.3]
	at org.springframework.boot.SpringApplication.run(SpringApplication.java:1350) ~[spring-boot-3.4.3.jar:3.4.3]
	at mk.ukim.finki.wp.eimt_lab.EimtLabApplication.main(EimtLabApplication.java:14) ~[classes/:na]
Caused by: org.springframework.beans.factory.BeanCreationException: Error creating bean with name 'flywayInitializer' defined in class path resource [org/springframework/boot/autoconfigure/flyway/FlywayAutoConfiguration$FlywayConfiguration.class]: Script V6__create_materialized_view.sql failed
----------------------------------------------
SQL State  : 42809
Error Code : 0
Message    : ERROR: "book_details_view" is not a materialized view
  Hint: Use DROP VIEW to remove a view.
Location   : db/migration/V6__create_materialized_view.sql (C:\desktop\eimt_lab\target\classes\db\migration\V6__create_materialized_view.sql)
Line       : 2
Statement  : Run Flyway with -X option to see the actual statement causing the problem

	at org.springframework.beans.factory.support.AbstractAutowireCapableBeanFactory.initializeBean(AbstractAutowireCapableBeanFactory.java:1812) ~[spring-beans-6.2.3.jar:6.2.3]
	at org.springframework.beans.factory.support.AbstractAutowireCapableBeanFactory.doCreateBean(AbstractAutowireCapableBeanFactory.java:601) ~[spring-beans-6.2.3.jar:6.2.3]
	at org.springframework.beans.factory.support.AbstractAutowireCapableBeanFactory.createBean(AbstractAutowireCapableBeanFactory.java:523) ~[spring-beans-6.2.3.jar:6.2.3]
	at org.springframework.beans.factory.support.AbstractBeanFactory.lambda$doGetBean$0(AbstractBeanFactory.java:339) ~[spring-beans-6.2.3.jar:6.2.3]
	at org.springframework.beans.factory.support.DefaultSingletonBeanRegistry.getSingleton(DefaultSingletonBeanRegistry.java:346) ~[spring-beans-6.2.3.jar:6.2.3]
	at org.springframework.beans.factory.support.AbstractBeanFactory.doGetBean(AbstractBeanFactory.java:337) ~[spring-beans-6.2.3.jar:6.2.3]
	at org.springframework.beans.factory.support.AbstractBeanFactory.getBean(AbstractBeanFactory.java:202) ~[spring-beans-6.2.3.jar:6.2.3]
	at org.springframework.beans.factory.support.AbstractBeanFactory.doGetBean(AbstractBeanFactory.java:315) ~[spring-beans-6.2.3.jar:6.2.3]
	... 10 common frames omitted
Caused by: org.flywaydb.core.internal.exception.FlywayMigrateException: Script V6__create_materialized_view.sql failed
----------------------------------------------
SQL State  : 42809
Error Code : 0
Message    : ERROR: "book_details_view" is not a materialized view
  Hint: Use DROP VIEW to remove a view.
Location   : db/migration/V6__create_materialized_view.sql (C:\desktop\eimt_lab\target\classes\db\migration\V6__create_materialized_view.sql)
Line       : 2
Statement  : Run Flyway with -X option to see the actual statement causing the problem

	at org.flywaydb.core.internal.command.DbMigrate.doMigrateGroup(DbMigrate.java:399) ~[flyway-core-10.20.1.jar:na]
	at org.flywaydb.core.internal.command.DbMigrate.lambda$applyMigrations$1(DbMigrate.java:283) ~[flyway-core-10.20.1.jar:na]
	at org.flywaydb.core.internal.jdbc.TransactionalExecutionTemplate.execute(TransactionalExecutionTemplate.java:59) ~[flyway-core-10.20.1.jar:na]
	at org.flywaydb.core.internal.command.DbMigrate.applyMigrations(DbMigrate.java:282) ~[flyway-core-10.20.1.jar:na]
	at org.flywaydb.core.internal.command.DbMigrate.migrateGroup(DbMigrate.java:255) ~[flyway-core-10.20.1.jar:na]
	at org.flywaydb.core.internal.command.DbMigrate.lambda$migrateAll$0(DbMigrate.java:153) ~[flyway-core-10.20.1.jar:na]
	at org.flywaydb.database.postgresql.PostgreSQLAdvisoryLockTemplate.execute(PostgreSQLAdvisoryLockTemplate.java:77) ~[flyway-database-postgresql-10.20.1.jar:na]
	at org.flywaydb.database.postgresql.PostgreSQLAdvisoryLockTemplate.lambda$execute$0(PostgreSQLAdvisoryLockTemplate.java:60) ~[flyway-database-postgresql-10.20.1.jar:na]
	at org.flywaydb.core.internal.jdbc.TransactionalExecutionTemplate.execute(TransactionalExecutionTemplate.java:59) ~[flyway-core-10.20.1.jar:na]
	at org.flywaydb.database.postgresql.PostgreSQLAdvisoryLockTemplate.execute(PostgreSQLAdvisoryLockTemplate.java:60) ~[flyway-database-postgresql-10.20.1.jar:na]
	at org.flywaydb.database.postgresql.PostgreSQLConnection.lock(PostgreSQLConnection.java:105) ~[flyway-database-postgresql-10.20.1.jar:na]
	at org.flywaydb.core.internal.schemahistory.JdbcTableSchemaHistory.lock(JdbcTableSchemaHistory.java:149) ~[flyway-core-10.20.1.jar:na]
	at org.flywaydb.core.internal.command.DbMigrate.migrateAll(DbMigrate.java:153) ~[flyway-core-10.20.1.jar:na]
	at org.flywaydb.core.internal.command.DbMigrate.migrate(DbMigrate.java:104) ~[flyway-core-10.20.1.jar:na]
	at org.flywaydb.core.Flyway.lambda$migrate$1(Flyway.java:230) ~[flyway-core-10.20.1.jar:na]
	at org.flywaydb.core.FlywayExecutor.execute(FlywayExecutor.java:213) ~[flyway-core-10.20.1.jar:na]
	at org.flywaydb.core.Flyway.migrate(Flyway.java:176) ~[flyway-core-10.20.1.jar:na]
	at org.springframework.boot.autoconfigure.flyway.FlywayMigrationInitializer.afterPropertiesSet(FlywayMigrationInitializer.java:66) ~[spring-boot-autoconfigure-3.4.3.jar:3.4.3]
	at org.springframework.beans.factory.support.AbstractAutowireCapableBeanFactory.invokeInitMethods(AbstractAutowireCapableBeanFactory.java:1859) ~[spring-beans-6.2.3.jar:6.2.3]
	at org.springframework.beans.factory.support.AbstractAutowireCapableBeanFactory.initializeBean(AbstractAutowireCapableBeanFactory.java:1808) ~[spring-beans-6.2.3.jar:6.2.3]
	... 17 common frames omitted
Caused by: org.flywaydb.core.internal.sqlscript.FlywaySqlScriptException: Script V6__create_materialized_view.sql failed
----------------------------------------------
SQL State  : 42809
Error Code : 0
Message    : ERROR: "book_details_view" is not a materialized view
  Hint: Use DROP VIEW to remove a view.
Location   : db/migration/V6__create_materialized_view.sql (C:\desktop\eimt_lab\target\classes\db\migration\V6__create_materialized_view.sql)
Line       : 2
Statement  : Run Flyway with -X option to see the actual statement causing the problem

	at org.flywaydb.core.internal.sqlscript.DefaultSqlScriptExecutor.handleException(DefaultSqlScriptExecutor.java:256) ~[flyway-core-10.20.1.jar:na]
	at org.flywaydb.core.internal.sqlscript.DefaultSqlScriptExecutor.executeStatement(DefaultSqlScriptExecutor.java:217) ~[flyway-core-10.20.1.jar:na]
	at org.flywaydb.core.internal.sqlscript.DefaultSqlScriptExecutor.execute(DefaultSqlScriptExecutor.java:137) ~[flyway-core-10.20.1.jar:na]
	at org.flywaydb.core.internal.resolver.sql.SqlMigrationExecutor.executeOnce(SqlMigrationExecutor.java:75) ~[flyway-core-10.20.1.jar:na]
	at org.flywaydb.core.internal.resolver.sql.SqlMigrationExecutor.lambda$execute$0(SqlMigrationExecutor.java:66) ~[flyway-core-10.20.1.jar:na]
	at org.flywaydb.core.internal.database.DefaultExecutionStrategy.execute(DefaultExecutionStrategy.java:31) ~[flyway-core-10.20.1.jar:na]
	at org.flywaydb.core.internal.resolver.sql.SqlMigrationExecutor.execute(SqlMigrationExecutor.java:65) ~[flyway-core-10.20.1.jar:na]
	at org.flywaydb.core.internal.command.DbMigrate.doMigrateGroup(DbMigrate.java:391) ~[flyway-core-10.20.1.jar:na]
	... 36 common frames omitted
Caused by: org.postgresql.util.PSQLException: ERROR: "book_details_view" is not a materialized view
  Hint: Use DROP VIEW to remove a view.
	at org.postgresql.core.v3.QueryExecutorImpl.receiveErrorResponse(QueryExecutorImpl.java:2725) ~[postgresql-42.7.3.jar:42.7.3]
	at org.postgresql.core.v3.QueryExecutorImpl.processResults(QueryExecutorImpl.java:2412) ~[postgresql-42.7.3.jar:42.7.3]
	at org.postgresql.core.v3.QueryExecutorImpl.execute(QueryExecutorImpl.java:371) ~[postgresql-42.7.3.jar:42.7.3]
	at org.postgresql.jdbc.PgStatement.executeInternal(PgStatement.java:502) ~[postgresql-42.7.3.jar:42.7.3]
	at org.postgresql.jdbc.PgStatement.execute(PgStatement.java:419) ~[postgresql-42.7.3.jar:42.7.3]
	at org.postgresql.jdbc.PgStatement.executeWithFlags(PgStatement.java:341) ~[postgresql-42.7.3.jar:42.7.3]
	at org.postgresql.jdbc.PgStatement.executeCachedSql(PgStatement.java:326) ~[postgresql-42.7.3.jar:42.7.3]
	at org.postgresql.jdbc.PgStatement.executeWithFlags(PgStatement.java:302) ~[postgresql-42.7.3.jar:42.7.3]
	at org.postgresql.jdbc.PgStatement.execute(PgStatement.java:297) ~[postgresql-42.7.3.jar:42.7.3]
	at com.zaxxer.hikari.pool.ProxyStatement.execute(ProxyStatement.java:94) ~[HikariCP-5.1.0.jar:na]
	at com.zaxxer.hikari.pool.HikariProxyStatement.execute(HikariProxyStatement.java) ~[HikariCP-5.1.0.jar:na]
	at org.flywaydb.core.internal.jdbc.JdbcTemplate.executeStatement(JdbcTemplate.java:210) ~[flyway-core-10.20.1.jar:na]
	at org.flywaydb.core.internal.sqlscript.ParsedSqlStatement.execute(ParsedSqlStatement.java:88) ~[flyway-core-10.20.1.jar:na]
	at org.flywaydb.core.internal.sqlscript.DefaultSqlScriptExecutor.executeStatement(DefaultSqlScriptExecutor.java:212) ~[flyway-core-10.20.1.jar:na]
	... 42 common frames omitted

